20:27:13 **** Build of configuration Nios II for project game_bsp ****
make all 
Compiling alt_alarm_start.c...
nios2-elf-gcc -xc -MP -MMD -c  -I./HAL/inc -I. -I./drivers/inc -pipe -D__hal__ -DALT_NO_INSTRUCTION_EMULATION -DALT_SINGLE_THREADED    -O0 -g -Wall  -mno-hw-div -mno-hw-mul -mno-hw-mulx -mgpopt=global   -o obj/HAL/src/alt_alarm_start.o HAL/src/alt_alarm_start.c
Compiling alt_busy_sleep.c...
nios2-elf-gcc -xc -MP -MMD -c  -I./HAL/inc -I. -I./drivers/inc -pipe -D__hal__ -DALT_NO_INSTRUCTION_EMULATION -DALT_SINGLE_THREADED    -O0 -g -Wall  -mno-hw-div -mno-hw-mul -mno-hw-mulx -mgpopt=global   -o obj/HAL/src/alt_busy_sleep.o HAL/src/alt_busy_sleep.c
Compiling alt_close.c...
nios2-elf-gcc -xc -MP -MMD -c  -I./HAL/inc -I. -I./drivers/inc -pipe -D__hal__ -DALT_NO_INSTRUCTION_EMULATION -DALT_SINGLE_THREADED    -O0 -g -Wall  -mno-hw-div -mno-hw-mul -mno-hw-mulx -mgpopt=global   -o obj/HAL/src/alt_close.o HAL/src/alt_close.c
Compiling alt_dcache_flush.c...
nios2-elf-gcc -xc -MP -MMD -c  -I./HAL/inc -I. -I./drivers/inc -pipe -D__hal__ -DALT_NO_INSTRUCTION_EMULATION -DALT_SINGLE_THREADED    -O0 -g -Wall  -mno-hw-div -mno-hw-mul -mno-hw-mulx -mgpopt=global   -o obj/HAL/src/alt_dcache_flush.o HAL/src/alt_dcache_flush.c
Compiling alt_dcache_flush_all.c...
nios2-elf-gcc -xc -MP -MMD -c  -I./HAL/inc -I. -I./drivers/inc -pipe -D__hal__ -DALT_NO_INSTRUCTION_EMULATION -DALT_SINGLE_THREADED    -O0 -g -Wall  -mno-hw-div -mno-hw-mul -mno-hw-mulx -mgpopt=global   -o obj/HAL/src/alt_dcache_flush_all.o HAL/src/alt_dcache_flush_all.c
Compiling alt_dcache_flush_no_writeback.c...
nios2-elf-gcc -xc -MP -MMD -c  -I./HAL/inc -I. -I./drivers/inc -pipe -D__hal__ -DALT_NO_INSTRUCTION_EMULATION -DALT_SINGLE_THREADED    -O0 -g -Wall  -mno-hw-div -mno-hw-mul -mno-hw-mulx -mgpopt=global   -o obj/HAL/src/alt_dcache_flush_no_writeback.o HAL/src/alt_dcache_flush_no_writeback.c
Compiling alt_dev.c...
nios2-elf-gcc -xc -MP -MMD -c  -I./HAL/inc -I. -I./drivers/inc -pipe -D__hal__ -DALT_NO_INSTRUCTION_EMULATION -DALT_SINGLE_THREADED    -O0 -g -Wall  -mno-hw-div -mno-hw-mul -mno-hw-mulx -mgpopt=global   -o obj/HAL/src/alt_dev.o HAL/src/alt_dev.c
Compiling alt_dma_rxchan_open.c...
nios2-elf-gcc -xc -MP -MMD -c  -I./HAL/inc -I. -I./drivers/inc -pipe -D__hal__ -DALT_NO_INSTRUCTION_EMULATION -DALT_SINGLE_THREADED    -O0 -g -Wall  -mno-hw-div -mno-hw-mul -mno-hw-mulx -mgpopt=global   -o obj/HAL/src/alt_dma_rxchan_open.o HAL/src/alt_dma_rxchan_open.c
Compiling alt_dma_txchan_open.c...
nios2-elf-gcc -xc -MP -MMD -c  -I./HAL/inc -I. -I./drivers/inc -pipe -D__hal__ -DALT_NO_INSTRUCTION_EMULATION -DALT_SINGLE_THREADED    -O0 -g -Wall  -mno-hw-div -mno-hw-mul -mno-hw-mulx -mgpopt=global   -o obj/HAL/src/alt_dma_txchan_open.o HAL/src/alt_dma_txchan_open.c
Compiling alt_ecc_fatal_exception.c...
nios2-elf-gcc -xc -MP -MMD -c  -I./HAL/inc -I. -I./drivers/inc -pipe -D__hal__ -DALT_NO_INSTRUCTION_EMULATION -DALT_SINGLE_THREADED    -O0 -g -Wall  -mno-hw-div -mno-hw-mul -mno-hw-mulx -mgpopt=global   -o obj/HAL/src/alt_ecc_fatal_exception.o HAL/src/alt_ecc_fatal_exception.c
Compiling alt_exception_entry.S...
nios2-elf-gcc -MP -MMD -c   -O0 -g -Wall  -mno-hw-div -mno-hw-mul -mno-hw-mulx -mgpopt=global    -I./HAL/inc -I. -I./drivers/inc -pipe -D__hal__ -DALT_NO_INSTRUCTION_EMULATION -DALT_SINGLE_THREADED  -Wa,-gdwarf2  -o obj/HAL/src/alt_exception_entry.o HAL/src/alt_exception_entry.S
Compiling alt_exit.c...
nios2-elf-gcc -xc -MP -MMD -c  -I./HAL/inc -I. -I./drivers/inc -pipe -D__hal__ -DALT_NO_INSTRUCTION_EMULATION -DALT_SINGLE_THREADED    -O0 -g -Wall  -mno-hw-div -mno-hw-mul -mno-hw-mulx -mgpopt=global   -o obj/HAL/src/alt_exit.o HAL/src/alt_exit.c
Compiling alt_fcntl.c...
nios2-elf-gcc -xc -MP -MMD -c  -I./HAL/inc -I. -I./drivers/inc -pipe -D__hal__ -DALT_NO_INSTRUCTION_EMULATION -DALT_SINGLE_THREADED    -O0 -g -Wall  -mno-hw-div -mno-hw-mul -mno-hw-mulx -mgpopt=global   -o obj/HAL/src/alt_fcntl.o HAL/src/alt_fcntl.c
Compiling alt_fd_lock.c...
nios2-elf-gcc -xc -MP -MMD -c  -I./HAL/inc -I. -I./drivers/inc -pipe -D__hal__ -DALT_NO_INSTRUCTION_EMULATION -DALT_SINGLE_THREADED    -O0 -g -Wall  -mno-hw-div -mno-hw-mul -mno-hw-mulx -mgpopt=global   -o obj/HAL/src/alt_fd_lock.o HAL/src/alt_fd_lock.c
Compiling alt_fd_unlock.c...
nios2-elf-gcc -xc -MP -MMD -c  -I./HAL/inc -I. -I./drivers/inc -pipe -D__hal__ -DALT_NO_INSTRUCTION_EMULATION -DALT_SINGLE_THREADED    -O0 -g -Wall  -mno-hw-div -mno-hw-mul -mno-hw-mulx -mgpopt=global   -o obj/HAL/src/alt_fd_unlock.o HAL/src/alt_fd_unlock.c
Compiling alt_find_dev.c...
nios2-elf-gcc -xc -MP -MMD -c  -I./HAL/inc -I. -I./drivers/inc -pipe -D__hal__ -DALT_NO_INSTRUCTION_EMULATION -DALT_SINGLE_THREADED    -O0 -g -Wall  -mno-hw-div -mno-hw-mul -mno-hw-mulx -mgpopt=global   -o obj/HAL/src/alt_find_dev.o HAL/src/alt_find_dev.c
Compiling alt_find_file.c...
nios2-elf-gcc -xc -MP -MMD -c  -I./HAL/inc -I. -I./drivers/inc -pipe -D__hal__ -DALT_NO_INSTRUCTION_EMULATION -DALT_SINGLE_THREADED    -O0 -g -Wall  -mno-hw-div -mno-hw-mul -mno-hw-mulx -mgpopt=global   -o obj/HAL/src/alt_find_file.o HAL/src/alt_find_file.c
Compiling alt_flash_dev.c...
nios2-elf-gcc -xc -MP -MMD -c  -I./HAL/inc -I. -I./drivers/inc -pipe -D__hal__ -DALT_NO_INSTRUCTION_EMULATION -DALT_SINGLE_THREADED    -O0 -g -Wall  -mno-hw-div -mno-hw-mul -mno-hw-mulx -mgpopt=global   -o obj/HAL/src/alt_flash_dev.o HAL/src/alt_flash_dev.c
Compiling alt_fs_reg.c...
nios2-elf-gcc -xc -MP -MMD -c  -I./HAL/inc -I. -I./drivers/inc -pipe -D__hal__ -DALT_NO_INSTRUCTION_EMULATION -DALT_SINGLE_THREADED    -O0 -g -Wall  -mno-hw-div -mno-hw-mul -mno-hw-mulx -mgpopt=global   -o obj/HAL/src/alt_fs_reg.o HAL/src/alt_fs_reg.c
Compiling alt_fstat.c...
nios2-elf-gcc -xc -MP -MMD -c  -I./HAL/inc -I. -I./drivers/inc -pipe -D__hal__ -DALT_NO_INSTRUCTION_EMULATION -DALT_SINGLE_THREADED    -O0 -g -Wall  -mno-hw-div -mno-hw-mul -mno-hw-mulx -mgpopt=global   -o obj/HAL/src/alt_fstat.o HAL/src/alt_fstat.c
Compiling alt_get_fd.c...
nios2-elf-gcc -xc -MP -MMD -c  -I./HAL/inc -I. -I./drivers/inc -pipe -D__hal__ -DALT_NO_INSTRUCTION_EMULATION -DALT_SINGLE_THREADED    -O0 -g -Wall  -mno-hw-div -mno-hw-mul -mno-hw-mulx -mgpopt=global   -o obj/HAL/src/alt_get_fd.o HAL/src/alt_get_fd.c
Compiling alt_gmon.c...
nios2-elf-gcc -xc -MP -MMD -c  -I./HAL/inc -I. -I./drivers/inc -pipe -D__hal__ -DALT_NO_INSTRUCTION_EMULATION -DALT_SINGLE_THREADED    -O0 -g -Wall  -mno-hw-div -mno-hw-mul -mno-hw-mulx -mgpopt=global   -o obj/HAL/src/alt_gmon.o HAL/src/alt_gmon.c
Compiling alt_icache_flush.c...
nios2-elf-gcc -xc -MP -MMD -c  -I./HAL/inc -I. -I./drivers/inc -pipe -D__hal__ -DALT_NO_INSTRUCTION_EMULATION -DALT_SINGLE_THREADED    -O0 -g -Wall  -mno-hw-div -mno-hw-mul -mno-hw-mulx -mgpopt=global   -o obj/HAL/src/alt_icache_flush.o HAL/src/alt_icache_flush.c
Compiling alt_icache_flush_all.c...
nios2-elf-gcc -xc -MP -MMD -c  -I./HAL/inc -I. -I./drivers/inc -pipe -D__hal__ -DALT_NO_INSTRUCTION_EMULATION -DALT_SINGLE_THREADED    -O0 -g -Wall  -mno-hw-div -mno-hw-mul -mno-hw-mulx -mgpopt=global   -o obj/HAL/src/alt_icache_flush_all.o HAL/src/alt_icache_flush_all.c
Compiling alt_iic.c...
nios2-elf-gcc -xc -MP -MMD -c  -I./HAL/inc -I. -I./drivers/inc -pipe -D__hal__ -DALT_NO_INSTRUCTION_EMULATION -DALT_SINGLE_THREADED    -O0 -g -Wall  -mno-hw-div -mno-hw-mul -mno-hw-mulx -mgpopt=global   -o obj/HAL/src/alt_iic.o HAL/src/alt_iic.c
Compiling alt_iic_isr_register.c...
nios2-elf-gcc -xc -MP -MMD -c  -I./HAL/inc -I. -I./drivers/inc -pipe -D__hal__ -DALT_NO_INSTRUCTION_EMULATION -DALT_SINGLE_THREADED    -O0 -g -Wall  -mno-hw-div -mno-hw-mul -mno-hw-mulx -mgpopt=global   -o obj/HAL/src/alt_iic_isr_register.o HAL/src/alt_iic_isr_register.c
Compiling alt_instruction_exception_entry.c...
nios2-elf-gcc -xc -MP -MMD -c  -I./HAL/inc -I. -I./drivers/inc -pipe -D__hal__ -DALT_NO_INSTRUCTION_EMULATION -DALT_SINGLE_THREADED    -O0 -g -Wall  -mno-hw-div -mno-hw-mul -mno-hw-mulx -mgpopt=global   -o obj/HAL/src/alt_instruction_exception_entry.o HAL/src/alt_instruction_exception_entry.c
Compiling alt_instruction_exception_register.c...
nios2-elf-gcc -xc -MP -MMD -c  -I./HAL/inc -I. -I./drivers/inc -pipe -D__hal__ -DALT_NO_INSTRUCTION_EMULATION -DALT_SINGLE_THREADED    -O0 -g -Wall  -mno-hw-div -mno-hw-mul -mno-hw-mulx -mgpopt=global   -o obj/HAL/src/alt_instruction_exception_register.o HAL/src/alt_instruction_exception_register.c
Compiling alt_io_redirect.c...
nios2-elf-gcc -xc -MP -MMD -c  -I./HAL/inc -I. -I./drivers/inc -pipe -D__hal__ -DALT_NO_INSTRUCTION_EMULATION -DALT_SINGLE_THREADED    -O0 -g -Wall  -mno-hw-div -mno-hw-mul -mno-hw-mulx -mgpopt=global   -o obj/HAL/src/alt_io_redirect.o HAL/src/alt_io_redirect.c
Compiling alt_ioctl.c...
nios2-elf-gcc -xc -MP -MMD -c  -I./HAL/inc -I. -I./drivers/inc -pipe -D__hal__ -DALT_NO_INSTRUCTION_EMULATION -DALT_SINGLE_THREADED    -O0 -g -Wall  -mno-hw-div -mno-hw-mul -mno-hw-mulx -mgpopt=global   -o obj/HAL/src/alt_ioctl.o HAL/src/alt_ioctl.c
Compiling alt_irq_entry.S...
nios2-elf-gcc -MP -MMD -c   -O0 -g -Wall  -mno-hw-div -mno-hw-mul -mno-hw-mulx -mgpopt=global    -I./HAL/inc -I. -I./drivers/inc -pipe -D__hal__ -DALT_NO_INSTRUCTION_EMULATION -DALT_SINGLE_THREADED  -Wa,-gdwarf2  -o obj/HAL/src/alt_irq_entry.o HAL/src/alt_irq_entry.S
Compiling alt_irq_handler.c...
nios2-elf-gcc -xc -MP -MMD -c  -I./HAL/inc -I. -I./drivers/inc -pipe -D__hal__ -DALT_NO_INSTRUCTION_EMULATION -DALT_SINGLE_THREADED    -O0 -g -Wall  -mno-hw-div -mno-hw-mul -mno-hw-mulx -mgpopt=global   -o obj/HAL/src/alt_irq_handler.o HAL/src/alt_irq_handler.c
Compiling alt_irq_register.c...
nios2-elf-gcc -xc -MP -MMD -c  -I./HAL/inc -I. -I./drivers/inc -pipe -D__hal__ -DALT_NO_INSTRUCTION_EMULATION -DALT_SINGLE_THREADED    -O0 -g -Wall  -mno-hw-div -mno-hw-mul -mno-hw-mulx -mgpopt=global   -o obj/HAL/src/alt_irq_register.o HAL/src/alt_irq_register.c
Compiling alt_irq_vars.c...
nios2-elf-gcc -xc -MP -MMD -c  -I./HAL/inc -I. -I./drivers/inc -pipe -D__hal__ -DALT_NO_INSTRUCTION_EMULATION -DALT_SINGLE_THREADED    -O0 -g -Wall  -mno-hw-div -mno-hw-mul -mno-hw-mulx -mgpopt=global   -o obj/HAL/src/alt_irq_vars.o HAL/src/alt_irq_vars.c
Compiling alt_isatty.c...
nios2-elf-gcc -xc -MP -MMD -c  -I./HAL/inc -I. -I./drivers/inc -pipe -D__hal__ -DALT_NO_INSTRUCTION_EMULATION -DALT_SINGLE_THREADED    -O0 -g -Wall  -mno-hw-div -mno-hw-mul -mno-hw-mulx -mgpopt=global   -o obj/HAL/src/alt_isatty.o HAL/src/alt_isatty.c
Compiling alt_lseek.c...
nios2-elf-gcc -xc -MP -MMD -c  -I./HAL/inc -I. -I./drivers/inc -pipe -D__hal__ -DALT_NO_INSTRUCTION_EMULATION -DALT_SINGLE_THREADED    -O0 -g -Wall  -mno-hw-div -mno-hw-mul -mno-hw-mulx -mgpopt=global   -o obj/HAL/src/alt_lseek.o HAL/src/alt_lseek.c
Compiling alt_main.c...
nios2-elf-gcc -xc -MP -MMD -c  -I./HAL/inc -I. -I./drivers/inc -pipe -D__hal__ -DALT_NO_INSTRUCTION_EMULATION -DALT_SINGLE_THREADED    -O0 -g -Wall  -mno-hw-div -mno-hw-mul -mno-hw-mulx -mgpopt=global   -o obj/HAL/src/alt_main.o HAL/src/alt_main.c
Compiling alt_open.c...
nios2-elf-gcc -xc -MP -MMD -c  -I./HAL/inc -I. -I./drivers/inc -pipe -D__hal__ -DALT_NO_INSTRUCTION_EMULATION -DALT_SINGLE_THREADED    -O0 -g -Wall  -mno-hw-div -mno-hw-mul -mno-hw-mulx -mgpopt=global   -o obj/HAL/src/alt_open.o HAL/src/alt_open.c
Compiling alt_read.c...
nios2-elf-gcc -xc -MP -MMD -c  -I./HAL/inc -I. -I./drivers/inc -pipe -D__hal__ -DALT_NO_INSTRUCTION_EMULATION -DALT_SINGLE_THREADED    -O0 -g -Wall  -mno-hw-div -mno-hw-mul -mno-hw-mulx -mgpopt=global   -o obj/HAL/src/alt_read.o HAL/src/alt_read.c
Compiling alt_release_fd.c...
nios2-elf-gcc -xc -MP -MMD -c  -I./HAL/inc -I. -I./drivers/inc -pipe -D__hal__ -DALT_NO_INSTRUCTION_EMULATION -DALT_SINGLE_THREADED    -O0 -g -Wall  -mno-hw-div -mno-hw-mul -mno-hw-mulx -mgpopt=global   -o obj/HAL/src/alt_release_fd.o HAL/src/alt_release_fd.c
Compiling alt_remap_cached.c...
nios2-elf-gcc -xc -MP -MMD -c  -I./HAL/inc -I. -I./drivers/inc -pipe -D__hal__ -DALT_NO_INSTRUCTION_EMULATION -DALT_SINGLE_THREADED    -O0 -g -Wall  -mno-hw-div -mno-hw-mul -mno-hw-mulx -mgpopt=global   -o obj/HAL/src/alt_remap_cached.o HAL/src/alt_remap_cached.c
Compiling alt_remap_uncached.c...
nios2-elf-gcc -xc -MP -MMD -c  -I./HAL/inc -I. -I./drivers/inc -pipe -D__hal__ -DALT_NO_INSTRUCTION_EMULATION -DALT_SINGLE_THREADED    -O0 -g -Wall  -mno-hw-div -mno-hw-mul -mno-hw-mulx -mgpopt=global   -o obj/HAL/src/alt_remap_uncached.o HAL/src/alt_remap_uncached.c
Compiling alt_sbrk.c...
nios2-elf-gcc -xc -MP -MMD -c  -I./HAL/inc -I. -I./drivers/inc -pipe -D__hal__ -DALT_NO_INSTRUCTION_EMULATION -DALT_SINGLE_THREADED    -O0 -g -Wall  -mno-hw-div -mno-hw-mul -mno-hw-mulx -mgpopt=global   -o obj/HAL/src/alt_sbrk.o HAL/src/alt_sbrk.c
Compiling alt_software_exception.S...
nios2-elf-gcc -MP -MMD -c   -O0 -g -Wall  -mno-hw-div -mno-hw-mul -mno-hw-mulx -mgpopt=global    -I./HAL/inc -I. -I./drivers/inc -pipe -D__hal__ -DALT_NO_INSTRUCTION_EMULATION -DALT_SINGLE_THREADED  -Wa,-gdwarf2  -o obj/HAL/src/alt_software_exception.o HAL/src/alt_software_exception.S
Compiling alt_tick.c...
nios2-elf-gcc -xc -MP -MMD -c  -I./HAL/inc -I. -I./drivers/inc -pipe -D__hal__ -DALT_NO_INSTRUCTION_EMULATION -DALT_SINGLE_THREADED    -O0 -g -Wall  -mno-hw-div -mno-hw-mul -mno-hw-mulx -mgpopt=global   -o obj/HAL/src/alt_tick.o HAL/src/alt_tick.c
Compiling alt_uncached_free.c...
nios2-elf-gcc -xc -MP -MMD -c  -I./HAL/inc -I. -I./drivers/inc -pipe -D__hal__ -DALT_NO_INSTRUCTION_EMULATION -DALT_SINGLE_THREADED    -O0 -g -Wall  -mno-hw-div -mno-hw-mul -mno-hw-mulx -mgpopt=global   -o obj/HAL/src/alt_uncached_free.o HAL/src/alt_uncached_free.c
Compiling alt_uncached_malloc.c...
nios2-elf-gcc -xc -MP -MMD -c  -I./HAL/inc -I. -I./drivers/inc -pipe -D__hal__ -DALT_NO_INSTRUCTION_EMULATION -DALT_SINGLE_THREADED    -O0 -g -Wall  -mno-hw-div -mno-hw-mul -mno-hw-mulx -mgpopt=global   -o obj/HAL/src/alt_uncached_malloc.o HAL/src/alt_uncached_malloc.c
Compiling alt_write.c...
nios2-elf-gcc -xc -MP -MMD -c  -I./HAL/inc -I. -I./drivers/inc -pipe -D__hal__ -DALT_NO_INSTRUCTION_EMULATION -DALT_SINGLE_THREADED    -O0 -g -Wall  -mno-hw-div -mno-hw-mul -mno-hw-mulx -mgpopt=global   -o obj/HAL/src/alt_write.o HAL/src/alt_write.c
Compiling altera_nios2_gen2_irq.c...
nios2-elf-gcc -xc -MP -MMD -c  -I./HAL/inc -I. -I./drivers/inc -pipe -D__hal__ -DALT_NO_INSTRUCTION_EMULATION -DALT_SINGLE_THREADED    -O0 -g -Wall  -mno-hw-div -mno-hw-mul -mno-hw-mulx -mgpopt=global   -o obj/HAL/src/altera_nios2_gen2_irq.o HAL/src/altera_nios2_gen2_irq.c
Compiling crt0.S...
nios2-elf-gcc -MP -MMD -c   -O0 -g -Wall  -mno-hw-div -mno-hw-mul -mno-hw-mulx -mgpopt=global    -I./HAL/inc -I. -I./drivers/inc -pipe -D__hal__ -DALT_NO_INSTRUCTION_EMULATION -DALT_SINGLE_THREADED  -Wa,-gdwarf2  -o obj/HAL/src/crt0.o HAL/src/crt0.S
Compiling alt_sys_init.c...
nios2-elf-gcc -xc -MP -MMD -c  -I./HAL/inc -I. -I./drivers/inc -pipe -D__hal__ -DALT_NO_INSTRUCTION_EMULATION -DALT_SINGLE_THREADED    -O0 -g -Wall  -mno-hw-div -mno-hw-mul -mno-hw-mulx -mgpopt=global   -o obj/alt_sys_init.o alt_sys_init.c
Compiling altera_avalon_i2c.c...
nios2-elf-gcc -xc -MP -MMD -c  -I./HAL/inc -I. -I./drivers/inc -pipe -D__hal__ -DALT_NO_INSTRUCTION_EMULATION -DALT_SINGLE_THREADED    -O0 -g -Wall  -mno-hw-div -mno-hw-mul -mno-hw-mulx -mgpopt=global   -o obj/drivers/src/altera_avalon_i2c.o drivers/src/altera_avalon_i2c.c
Compiling altera_avalon_jtag_uart_fd.c...
nios2-elf-gcc -xc -MP -MMD -c  -I./HAL/inc -I. -I./drivers/inc -pipe -D__hal__ -DALT_NO_INSTRUCTION_EMULATION -DALT_SINGLE_THREADED    -O0 -g -Wall  -mno-hw-div -mno-hw-mul -mno-hw-mulx -mgpopt=global   -o obj/drivers/src/altera_avalon_jtag_uart_fd.o drivers/src/altera_avalon_jtag_uart_fd.c
Compiling altera_avalon_jtag_uart_init.c...
nios2-elf-gcc -xc -MP -MMD -c  -I./HAL/inc -I. -I./drivers/inc -pipe -D__hal__ -DALT_NO_INSTRUCTION_EMULATION -DALT_SINGLE_THREADED    -O0 -g -Wall  -mno-hw-div -mno-hw-mul -mno-hw-mulx -mgpopt=global   -o obj/drivers/src/altera_avalon_jtag_uart_init.o drivers/src/altera_avalon_jtag_uart_init.c
Compiling altera_avalon_jtag_uart_ioctl.c...
nios2-elf-gcc -xc -MP -MMD -c  -I./HAL/inc -I. -I./drivers/inc -pipe -D__hal__ -DALT_NO_INSTRUCTION_EMULATION -DALT_SINGLE_THREADED    -O0 -g -Wall  -mno-hw-div -mno-hw-mul -mno-hw-mulx -mgpopt=global   -o obj/drivers/src/altera_avalon_jtag_uart_ioctl.o drivers/src/altera_avalon_jtag_uart_ioctl.c
Compiling altera_avalon_jtag_uart_read.c...
nios2-elf-gcc -xc -MP -MMD -c  -I./HAL/inc -I. -I./drivers/inc -pipe -D__hal__ -DALT_NO_INSTRUCTION_EMULATION -DALT_SINGLE_THREADED    -O0 -g -Wall  -mno-hw-div -mno-hw-mul -mno-hw-mulx -mgpopt=global   -o obj/drivers/src/altera_avalon_jtag_uart_read.o drivers/src/altera_avalon_jtag_uart_read.c
Compiling altera_avalon_jtag_uart_write.c...
nios2-elf-gcc -xc -MP -MMD -c  -I./HAL/inc -I. -I./drivers/inc -pipe -D__hal__ -DALT_NO_INSTRUCTION_EMULATION -DALT_SINGLE_THREADED    -O0 -g -Wall  -mno-hw-div -mno-hw-mul -mno-hw-mulx -mgpopt=global   -o obj/drivers/src/altera_avalon_jtag_uart_write.o drivers/src/altera_avalon_jtag_uart_write.c
Compiling altera_avalon_sysid_qsys.c...
nios2-elf-gcc -xc -MP -MMD -c  -I./HAL/inc -I. -I./drivers/inc -pipe -D__hal__ -DALT_NO_INSTRUCTION_EMULATION -DALT_SINGLE_THREADED    -O0 -g -Wall  -mno-hw-div -mno-hw-mul -mno-hw-mulx -mgpopt=global   -o obj/drivers/src/altera_avalon_sysid_qsys.o drivers/src/altera_avalon_sysid_qsys.c
Compiling altera_avalon_timer_sc.c...
nios2-elf-gcc -xc -MP -MMD -c  -I./HAL/inc -I. -I./drivers/inc -pipe -D__hal__ -DALT_NO_INSTRUCTION_EMULATION -DALT_SINGLE_THREADED    -O0 -g -Wall  -mno-hw-div -mno-hw-mul -mno-hw-mulx -mgpopt=global   -o obj/drivers/src/altera_avalon_timer_sc.o drivers/src/altera_avalon_timer_sc.c
Compiling altera_avalon_timer_ts.c...
nios2-elf-gcc -xc -MP -MMD -c  -I./HAL/inc -I. -I./drivers/inc -pipe -D__hal__ -DALT_NO_INSTRUCTION_EMULATION -DALT_SINGLE_THREADED    -O0 -g -Wall  -mno-hw-div -mno-hw-mul -mno-hw-mulx -mgpopt=global   -o obj/drivers/src/altera_avalon_timer_ts.o drivers/src/altera_avalon_timer_ts.c
Compiling altera_avalon_timer_vars.c...
nios2-elf-gcc -xc -MP -MMD -c  -I./HAL/inc -I. -I./drivers/inc -pipe -D__hal__ -DALT_NO_INSTRUCTION_EMULATION -DALT_SINGLE_THREADED    -O0 -g -Wall  -mno-hw-div -mno-hw-mul -mno-hw-mulx -mgpopt=global   -o obj/drivers/src/altera_avalon_timer_vars.o drivers/src/altera_avalon_timer_vars.c
Creating libhal_bsp.a...
rm -f -f libhal_bsp.a
nios2-elf-ar -src libhal_bsp.a obj/HAL/src/alt_alarm_start.o obj/HAL/src/alt_busy_sleep.o obj/HAL/src/alt_close.o obj/HAL/src/alt_dcache_flush.o obj/HAL/src/alt_dcache_flush_all.o obj/HAL/src/alt_dcache_flush_no_writeback.o obj/HAL/src/alt_dev.o obj/HAL/src/alt_dev_llist_insert.o obj/HAL/src/alt_dma_rxchan_open.o obj/HAL/src/alt_dma_txchan_open.o obj/HAL/src/alt_do_ctors.o obj/HAL/src/alt_do_dtors.o obj/HAL/src/alt_ecc_fatal_entry.o obj/HAL/src/alt_ecc_fatal_exception.o obj/HAL/src/alt_env_lock.o obj/HAL/src/alt_environ.o obj/HAL/src/alt_errno.o obj/HAL/src/alt_exception_entry.o obj/HAL/src/alt_exception_muldiv.o obj/HAL/src/alt_exception_trap.o obj/HAL/src/alt_execve.o obj/HAL/src/alt_exit.o obj/HAL/src/alt_fcntl.o obj/HAL/src/alt_fd_lock.o obj/HAL/src/alt_fd_unlock.o obj/HAL/src/alt_find_dev.o obj/HAL/src/alt_find_file.o obj/HAL/src/alt_flash_dev.o obj/HAL/src/alt_fork.o obj/HAL/src/alt_fs_reg.o obj/HAL/src/alt_fstat.o obj/HAL/src/alt_get_fd.o obj/HAL/src/alt_getchar.o obj/HAL/src/alt_getpid.o obj/HAL/src/alt_gettod.o obj/HAL/src/alt_gmon.o obj/HAL/src/alt_icache_flush.o obj/HAL/src/alt_icache_flush_all.o obj/HAL/src/alt_iic.o obj/HAL/src/alt_iic_isr_register.o obj/HAL/src/alt_instruction_exception_entry.o obj/HAL/src/alt_instruction_exception_register.o obj/HAL/src/alt_io_redirect.o obj/HAL/src/alt_ioctl.o obj/HAL/src/alt_irq_entry.o obj/HAL/src/alt_irq_handler.o obj/HAL/src/alt_irq_register.o obj/HAL/src/alt_irq_vars.o obj/HAL/src/alt_isatty.o obj/HAL/src/alt_kill.o obj/HAL/src/alt_link.o obj/HAL/src/alt_load.o obj/HAL/src/alt_log_macro.o obj/HAL/src/alt_log_printf.o obj/HAL/src/alt_lseek.o obj/HAL/src/alt_main.o obj/HAL/src/alt_malloc_lock.o obj/HAL/src/alt_mcount.o obj/HAL/src/alt_open.o obj/HAL/src/alt_printf.o obj/HAL/src/alt_putchar.o obj/HAL/src/alt_putcharbuf.o obj/HAL/src/alt_putstr.o obj/HAL/src/alt_read.o obj/HAL/src/alt_release_fd.o obj/HAL/src/alt_remap_cached.o obj/HAL/src/alt_remap_uncached.o obj/HAL/src/alt_rename.o obj/HAL/src/alt_sbrk.o obj/HAL/src/alt_settod.o obj/HAL/src/alt_software_exception.o obj/HAL/src/alt_stat.o obj/HAL/src/alt_tick.o obj/HAL/src/alt_times.o obj/HAL/src/alt_uncached_free.o obj/HAL/src/alt_uncached_malloc.o obj/HAL/src/alt_unlink.o obj/HAL/src/alt_usleep.o obj/HAL/src/alt_wait.o obj/HAL/src/alt_write.o obj/HAL/src/altera_nios2_gen2_irq.o obj/HAL/src/crt0.o obj/alt_sys_init.o obj/drivers/src/altera_avalon_i2c.o obj/drivers/src/altera_avalon_jtag_uart_fd.o obj/drivers/src/altera_avalon_jtag_uart_init.o obj/drivers/src/altera_avalon_jtag_uart_ioctl.o obj/drivers/src/altera_avalon_jtag_uart_read.o obj/drivers/src/altera_avalon_jtag_uart_write.o obj/drivers/src/altera_avalon_spi.o obj/drivers/src/altera_avalon_sysid_qsys.o obj/drivers/src/altera_avalon_timer_sc.o obj/drivers/src/altera_avalon_timer_ts.o obj/drivers/src/altera_avalon_timer_vars.o
[BSP build complete]
20:27:31 **** Incremental Build of configuration Nios II for project game ****
make all 
Info: Building ../game_bsp/
F:/intelFPGA_lite/18.1/nios2eds/bin/gnu/H-x86_64-mingw32/bin/make --no-print-directory -C ../game_bsp/
[BSP build complete]
Info: Compiling main.c to obj/default/main.o
nios2-elf-gcc -xc -MP -MMD -c -I../game_bsp//HAL/inc -I../game_bsp/ -I../game_bsp//drivers/inc  -pipe -D__hal__ -DALT_NO_INSTRUCTION_EMULATION -DALT_SINGLE_THREADED    -O0 -g -Wall   -mno-hw-div -mno-hw-mul -mno-hw-mulx -mgpopt=global  -o obj/default/main.o main.c
main.c:24:0: warning: "KEYCODE_0_BASE" redefined
 #define KEYCODE_0_BASE 0x80011b0
 ^
In file included from main.c:7:0:
../game_bsp/system.h:289:0: note: this is the location of the previous definition
 #define KEYCODE_0_BASE 0x8001230
 ^
main.c:25:0: warning: "KEYCODE_1_BASE" redefined
 #define KEYCODE_1_BASE 0x8001150
 ^
In file included from main.c:7:0:
../game_bsp/system.h:316:0: note: this is the location of the previous definition
 #define KEYCODE_1_BASE 0x80011d0
 ^
main.c: In function 'main':
main.c:283:3: warning: implicit declaration of function 'usleep' [-Wimplicit-function-declaration]
   usleep (1000);
   ^
main.c:191:7: warning: unused variable 'keycode' [-Wunused-variable]
  WORD keycode;
       ^
Info: Compiling sgtl5000/sgtl5000.c to obj/default/sgtl5000/sgtl5000.o
nios2-elf-gcc -xc -MP -MMD -c -I../game_bsp//HAL/inc -I../game_bsp/ -I../game_bsp//drivers/inc  -pipe -D__hal__ -DALT_NO_INSTRUCTION_EMULATION -DALT_SINGLE_THREADED    -O0 -g -Wall   -mno-hw-div -mno-hw-mul -mno-hw-mulx -mgpopt=global  -o obj/default/sgtl5000/sgtl5000.o sgtl5000/sgtl5000.c
sgtl5000/sgtl5000.c: In function 'SGTL5000_Reg_Rd':
sgtl5000/sgtl5000.c:18:3: warning: implicit declaration of function 'printf' [-Wimplicit-function-declaration]
   printf ("SGTL5000 I2C error, address: %x", ADDR);
   ^
sgtl5000/sgtl5000.c:18:3: warning: incompatible implicit declaration of built-in function 'printf'
sgtl5000/sgtl5000.c:18:3: note: include '<stdio.h>' or provide a declaration of 'printf'
sgtl5000/sgtl5000.c: In function 'SGTL5000_Reg_Wr':
sgtl5000/sgtl5000.c:40:3: warning: incompatible implicit declaration of built-in function 'printf'
   printf ("SGTL5000 I2C error, address: %x", ADDR);
   ^
sgtl5000/sgtl5000.c:40:3: note: include '<stdio.h>' or provide a declaration of 'printf'
Info: Compiling usb_kb/MAX3421E.c to obj/default/usb_kb/MAX3421E.o
nios2-elf-gcc -xc -MP -MMD -c -I../game_bsp//HAL/inc -I../game_bsp/ -I../game_bsp//drivers/inc  -pipe -D__hal__ -DALT_NO_INSTRUCTION_EMULATION -DALT_SINGLE_THREADED    -O0 -g -Wall   -mno-hw-div -mno-hw-mul -mno-hw-mulx -mgpopt=global  -o obj/default/usb_kb/MAX3421E.o usb_kb/MAX3421E.c
usb_kb/MAX3421E.c: In function 'MAXreg_wr':
usb_kb/MAX3421E.c:39:58: warning: passing argument 4 of 'alt_avalon_spi_command' from incompatible pointer type [-Wincompatible-pointer-types]
  int return_code = alt_avalon_spi_command(SPI_0_BASE,0,2,&arry,0,0,0);
                                                          ^
In file included from usb_kb/MAX3421E.c:10:0:
../game_bsp//drivers/inc/altera_avalon_spi.h:67:5: note: expected 'const alt_u8 * {aka const unsigned char *}' but argument is of type 'BYTE (*)[2] {aka unsigned char (*)[2]}'
 int alt_avalon_spi_command(alt_u32 base, alt_u32 slave,
     ^
usb_kb/MAX3421E.c: In function 'MAXbytes_wr':
usb_kb/MAX3421E.c:63:63: warning: passing argument 4 of 'alt_avalon_spi_command' from incompatible pointer type [-Wincompatible-pointer-types]
  return_code = alt_avalon_spi_command(SPI_0_BASE,0,nbytes + 1,&arry,0,0,0);
                                                               ^
In file included from usb_kb/MAX3421E.c:10:0:
../game_bsp//drivers/inc/altera_avalon_spi.h:67:5: note: expected 'const alt_u8 * {aka const unsigned char *}' but argument is of type 'BYTE (*)[(sizetype)((int)nbytes + 1)]'
 int alt_avalon_spi_command(alt_u32 base, alt_u32 slave,
     ^
usb_kb/MAX3421E.c: In function 'MaxGpxHandler':
usb_kb/MAX3421E.c:237:7: warning: variable 'GPINIRQ' set but not used [-Wunused-but-set-variable]
  BYTE GPINIRQ;
       ^
usb_kb/MAX3421E.c: In function 'SPI_wr':
usb_kb/MAX3421E.c:28:1: warning: control reaches end of non-void function [-Wreturn-type]
 }
 ^
Info: Compiling usb_kb/transfer.c to obj/default/usb_kb/transfer.o
nios2-elf-gcc -xc -MP -MMD -c -I../game_bsp//HAL/inc -I../game_bsp/ -I../game_bsp//drivers/inc  -pipe -D__hal__ -DALT_NO_INSTRUCTION_EMULATION -DALT_SINGLE_THREADED    -O0 -g -Wall   -mno-hw-div -mno-hw-mul -mno-hw-mulx -mgpopt=global  -o obj/default/usb_kb/transfer.o usb_kb/transfer.c
usb_kb/transfer.c:9:1: warning: braces around scalar initializer
 EP_RECORD dev0ep = {{ 0 }};         //Endpoint data structure for uninitialized device during enumeration
 ^
usb_kb/transfer.c:9:1: note: (near initialization for 'dev0ep.epAddr')
usb_kb/transfer.c: In function 'XferInTransfer':
usb_kb/transfer.c:195:7: warning: unused variable 'tmpbyte' [-Wunused-variable]
  BYTE tmpbyte;
       ^
usb_kb/transfer.c:194:7: warning: unused variable 'i' [-Wunused-variable]
  BYTE i;
       ^
usb_kb/transfer.c: In function 'USB_Task':
usb_kb/transfer.c:316:20: warning: implicit declaration of function 'printf' [-Wimplicit-function-declaration]
                    printf ("Mfgr string(%i): %s\n", buf.iManufacturer, ConvUTF8ToStr(strDesc.bString, (strDesc.bLength>>1)-1));
                    ^
usb_kb/transfer.c:316:20: warning: incompatible implicit declaration of built-in function 'printf'
usb_kb/transfer.c:316:20: note: include '<stdio.h>' or provide a declaration of 'printf'
usb_kb/transfer.c:323:20: warning: incompatible implicit declaration of built-in function 'printf'
                    printf ("Product string(%i): %s\n", buf.iProduct, ConvUTF8ToStr(strDesc.bString, (strDesc.bLength>>1)-1));
                    ^
usb_kb/transfer.c:323:20: note: include '<stdio.h>' or provide a declaration of 'printf'
Info: Linking game.elf
nios2-elf-g++  -T'../game_bsp//linker.x' -msys-crt0='../game_bsp//obj/HAL/src/crt0.o' -msys-lib=hal_bsp -L../game_bsp/   -Wl,-Map=game.map   -O0 -g -Wall   -mno-hw-div -mno-hw-mul -mno-hw-mulx -mgpopt=global  -o game.elf obj/default/main.o obj/default/sgtl5000/sgtl5000.o obj/default/usb_kb/HID.o obj/default/usb_kb/MAX3421E.o obj/default/usb_kb/transfer.o -lm -msys-lib=m
nios2-elf-insert game.elf --thread_model hal --cpu_name nios2_gen2_0 --qsys true --simulation_enabled false --id 0 --sidp 0x8001270 --timestamp 1651532902 --stderr_dev jtag_uart_0 --stdin_dev jtag_uart_0 --stdout_dev jtag_uart_0 --sopc_system_name game_soc --quartus_project_dir "E:/learning/2022spring/ECE385/final_project/ece385final/ECE385" --jdi ../..//output_files/game.jdi --sopcinfo E:/learning/2022spring/ECE385/final_project/ece385final/ECE385/software/game_bsp/../../game_soc.sopcinfo
Info: (game.elf) 95 KBytes program size (code + initialized data).
Info:            65433 KBytes free for stack + heap.
Info: Creating game.objdump
nios2-elf-objdump --disassemble --syms --all-header --source game.elf >game.objdump
[game build complete]
20:31:09 **** Incremental Build of configuration Nios II for project game ****
make all 
Info: Building ../game_bsp/
F:/intelFPGA_lite/18.1/nios2eds/bin/gnu/H-x86_64-mingw32/bin/make --no-print-directory -C ../game_bsp/
[BSP build complete]
Info: Compiling main.c to obj/default/main.o
nios2-elf-gcc -xc -MP -MMD -c -I../game_bsp//HAL/inc -I../game_bsp/ -I../game_bsp//drivers/inc  -pipe -D__hal__ -DALT_NO_INSTRUCTION_EMULATION -DALT_SINGLE_THREADED    -O0 -g -Wall   -mno-hw-div -mno-hw-mul -mno-hw-mulx -mgpopt=global  -o obj/default/main.o main.c
main.c:24:0: warning: "KEYCODE_0_BASE" redefined
 #define KEYCODE_0_BASE 0x80011b0
 ^
In file included from main.c:7:0:
../game_bsp/system.h:289:0: note: this is the location of the previous definition
 #define KEYCODE_0_BASE 0x8001230
 ^
main.c:25:0: warning: "KEYCODE_1_BASE" redefined
 #define KEYCODE_1_BASE 0x8001150
 ^
In file included from main.c:7:0:
../game_bsp/system.h:316:0: note: this is the location of the previous definition
 #define KEYCODE_1_BASE 0x80011d0
 ^
main.c: In function 'main':
main.c:218:1: warning: multi-line comment [-Wcomment]
 // SGTL5000_Reg_Wr(i2c_dev, SGTL5000_CHIP_PLL_CTRL, \
 ^
main.c:224:1: warning: multi-line comment [-Wcomment]
 // SGTL5000_Reg_Wr(i2c_dev, SGTL5000_CHIP_ANA_POWER, \
 ^
main.c:242:1: warning: multi-line comment [-Wcomment]
 // SGTL5000_Reg_Wr(i2c_dev, SGTL5000_CHIP_DIG_POWER,\
 ^
main.c:252:1: warning: multi-line comment [-Wcomment]
 // SGTL5000_Reg_Wr(i2c_dev, SGTL5000_CHIP_CLK_CTRL, \
 ^
main.c:262:1: warning: multi-line comment [-Wcomment]
 // SGTL5000_Reg_Wr(i2c_dev, SGTL5000_CHIP_ANA_CTRL, \
 ^
main.c:267:1: warning: multi-line comment [-Wcomment]
 // SGTL5000_Reg_Wr(i2c_dev, SGTL5000_CHIP_SSS_CTRL, \
 ^
main.c:283:3: warning: implicit declaration of function 'usleep' [-Wimplicit-function-declaration]
   usleep (1000);
   ^
main.c:191:7: warning: unused variable 'keycode' [-Wunused-variable]
  WORD keycode;
       ^
Info: Linking game.elf
nios2-elf-g++  -T'../game_bsp//linker.x' -msys-crt0='../game_bsp//obj/HAL/src/crt0.o' -msys-lib=hal_bsp -L../game_bsp/   -Wl,-Map=game.map   -O0 -g -Wall   -mno-hw-div -mno-hw-mul -mno-hw-mulx -mgpopt=global  -o game.elf obj/default/main.o obj/default/sgtl5000/sgtl5000.o obj/default/usb_kb/HID.o obj/default/usb_kb/MAX3421E.o obj/default/usb_kb/transfer.o -lm -msys-lib=m
nios2-elf-insert game.elf --thread_model hal --cpu_name nios2_gen2_0 --qsys true --simulation_enabled false --id 0 --sidp 0x8001270 --timestamp 1651532902 --stderr_dev jtag_uart_0 --stdin_dev jtag_uart_0 --stdout_dev jtag_uart_0 --sopc_system_name game_soc --quartus_project_dir "E:/learning/2022spring/ECE385/final_project/ece385final/ECE385" --jdi ../..//output_files/game.jdi --sopcinfo E:/learning/2022spring/ECE385/final_project/ece385final/ECE385/software/game_bsp/../../game_soc.sopcinfo
Info: (game.elf) 91 KBytes program size (code + initialized data).
Info:            65437 KBytes free for stack + heap.
Info: Creating game.objdump
nios2-elf-objdump --disassemble --syms --all-header --source game.elf >game.objdump
[game build complete]
20:31:11 **** Incremental Build of configuration Nios II for project game_bsp ****
make all 
[BSP build complete]
20:31:43 **** Incremental Build of configuration Nios II for project game ****
make all 
Info: Building ../game_bsp/
F:/intelFPGA_lite/18.1/nios2eds/bin/gnu/H-x86_64-mingw32/bin/make --no-print-directory -C ../game_bsp/
[BSP build complete]
[game build complete]
20:35:34 **** Incremental Build of configuration Nios II for project game ****
make all 
Info: Building ../game_bsp/
F:/intelFPGA_lite/18.1/nios2eds/bin/gnu/H-x86_64-mingw32/bin/make --no-print-directory -C ../game_bsp/
[BSP build complete]
Info: Compiling main.c to obj/default/main.o
nios2-elf-gcc -xc -MP -MMD -c -I../game_bsp//HAL/inc -I../game_bsp/ -I../game_bsp//drivers/inc  -pipe -D__hal__ -DALT_NO_INSTRUCTION_EMULATION -DALT_SINGLE_THREADED    -O0 -g -Wall   -mno-hw-div -mno-hw-mul -mno-hw-mulx -mgpopt=global  -o obj/default/main.o main.c
main.c:24:0: warning: "KEYCODE_0_BASE" redefined
 #define KEYCODE_0_BASE 0x80011b0
 ^
In file included from main.c:7:0:
../game_bsp/system.h:289:0: note: this is the location of the previous definition
 #define KEYCODE_0_BASE 0x8001230
 ^
main.c:25:0: warning: "KEYCODE_1_BASE" redefined
 #define KEYCODE_1_BASE 0x8001150
 ^
In file included from main.c:7:0:
../game_bsp/system.h:316:0: note: this is the location of the previous definition
 #define KEYCODE_1_BASE 0x80011d0
 ^
main.c: In function 'main':
main.c:284:3: warning: implicit declaration of function 'usleep' [-Wimplicit-function-declaration]
   usleep (1000);
   ^
main.c:191:7: warning: unused variable 'keycode' [-Wunused-variable]
  WORD keycode;
       ^
Info: Linking game.elf
nios2-elf-g++  -T'../game_bsp//linker.x' -msys-crt0='../game_bsp//obj/HAL/src/crt0.o' -msys-lib=hal_bsp -L../game_bsp/   -Wl,-Map=game.map   -O0 -g -Wall   -mno-hw-div -mno-hw-mul -mno-hw-mulx -mgpopt=global  -o game.elf obj/default/main.o obj/default/sgtl5000/sgtl5000.o obj/default/usb_kb/HID.o obj/default/usb_kb/MAX3421E.o obj/default/usb_kb/transfer.o -lm -msys-lib=m
nios2-elf-insert game.elf --thread_model hal --cpu_name nios2_gen2_0 --qsys true --simulation_enabled false --id 0 --sidp 0x8001270 --timestamp 1651532902 --stderr_dev jtag_uart_0 --stdin_dev jtag_uart_0 --stdout_dev jtag_uart_0 --sopc_system_name game_soc --quartus_project_dir "E:/learning/2022spring/ECE385/final_project/ece385final/ECE385" --jdi ../..//output_files/game.jdi --sopcinfo E:/learning/2022spring/ECE385/final_project/ece385final/ECE385/software/game_bsp/../../game_soc.sopcinfo
Info: (game.elf) 95 KBytes program size (code + initialized data).
Info:            65433 KBytes free for stack + heap.
Info: Creating game.objdump
nios2-elf-objdump --disassemble --syms --all-header --source game.elf >game.objdump
[game build complete]
20:35:37 **** Incremental Build of configuration Nios II for project game_bsp ****
make all 
[BSP build complete]
20:36:22 **** Incremental Build of configuration Nios II for project game ****
make all 
Info: Building ../game_bsp/
F:/intelFPGA_lite/18.1/nios2eds/bin/gnu/H-x86_64-mingw32/bin/make --no-print-directory -C ../game_bsp/
[BSP build complete]
[game build complete]
20:40:35 **** Incremental Build of configuration Nios II for project game ****
make all 
Info: Building ../game_bsp/
F:/intelFPGA_lite/18.1/nios2eds/bin/gnu/H-x86_64-mingw32/bin/make --no-print-directory -C ../game_bsp/
[BSP build complete]
Info: Compiling main.c to obj/default/main.o
nios2-elf-gcc -xc -MP -MMD -c -I../game_bsp//HAL/inc -I../game_bsp/ -I../game_bsp//drivers/inc  -pipe -D__hal__ -DALT_NO_INSTRUCTION_EMULATION -DALT_SINGLE_THREADED    -O0 -g -Wall   -mno-hw-div -mno-hw-mul -mno-hw-mulx -mgpopt=global  -o obj/default/main.o main.c
main.c: In function 'main':
main.c:284:3: warning: implicit declaration of function 'usleep' [-Wimplicit-function-declaration]
   usleep (1000);
   ^
main.c:191:7: warning: unused variable 'keycode' [-Wunused-variable]
  WORD keycode;
       ^
Info: Linking game.elf
nios2-elf-g++  -T'../game_bsp//linker.x' -msys-crt0='../game_bsp//obj/HAL/src/crt0.o' -msys-lib=hal_bsp -L../game_bsp/   -Wl,-Map=game.map   -O0 -g -Wall   -mno-hw-div -mno-hw-mul -mno-hw-mulx -mgpopt=global  -o game.elf obj/default/main.o obj/default/sgtl5000/sgtl5000.o obj/default/usb_kb/HID.o obj/default/usb_kb/MAX3421E.o obj/default/usb_kb/transfer.o -lm -msys-lib=m
nios2-elf-insert game.elf --thread_model hal --cpu_name nios2_gen2_0 --qsys true --simulation_enabled false --id 0 --sidp 0x8001270 --timestamp 1651532902 --stderr_dev jtag_uart_0 --stdin_dev jtag_uart_0 --stdout_dev jtag_uart_0 --sopc_system_name game_soc --quartus_project_dir "E:/learning/2022spring/ECE385/final_project/ece385final/ECE385" --jdi ../..//output_files/game.jdi --sopcinfo E:/learning/2022spring/ECE385/final_project/ece385final/ECE385/software/game_bsp/../../game_soc.sopcinfo
Info: (game.elf) 95 KBytes program size (code + initialized data).
Info:            65433 KBytes free for stack + heap.
Info: Creating game.objdump
nios2-elf-objdump --disassemble --syms --all-header --source game.elf >game.objdump
[game build complete]
20:40:38 **** Incremental Build of configuration Nios II for project game_bsp ****
make all 
[BSP build complete]
20:41:20 **** Incremental Build of configuration Nios II for project game ****
make all 
Info: Building ../game_bsp/
F:/intelFPGA_lite/18.1/nios2eds/bin/gnu/H-x86_64-mingw32/bin/make --no-print-directory -C ../game_bsp/
[BSP build complete]
Info: Compiling main.c to obj/default/main.o
nios2-elf-gcc -xc -MP -MMD -c -I../game_bsp//HAL/inc -I../game_bsp/ -I../game_bsp//drivers/inc  -pipe -D__hal__ -DALT_NO_INSTRUCTION_EMULATION -DALT_SINGLE_THREADED    -O0 -g -Wall   -mno-hw-div -mno-hw-mul -mno-hw-mulx -mgpopt=global  -o obj/default/main.o main.c
main.c: In function 'main':
main.c:284:3: warning: implicit declaration of function 'usleep' [-Wimplicit-function-declaration]
   usleep (1000);
   ^
main.c:191:7: warning: unused variable 'keycode' [-Wunused-variable]
  WORD keycode;
       ^
Info: Linking game.elf
nios2-elf-g++  -T'../game_bsp//linker.x' -msys-crt0='../game_bsp//obj/HAL/src/crt0.o' -msys-lib=hal_bsp -L../game_bsp/   -Wl,-Map=game.map   -O0 -g -Wall   -mno-hw-div -mno-hw-mul -mno-hw-mulx -mgpopt=global  -o game.elf obj/default/main.o obj/default/sgtl5000/sgtl5000.o obj/default/usb_kb/HID.o obj/default/usb_kb/MAX3421E.o obj/default/usb_kb/transfer.o -lm -msys-lib=m
nios2-elf-insert game.elf --thread_model hal --cpu_name nios2_gen2_0 --qsys true --simulation_enabled false --id 0 --sidp 0x8001270 --timestamp 1651532902 --stderr_dev jtag_uart_0 --stdin_dev jtag_uart_0 --stdout_dev jtag_uart_0 --sopc_system_name game_soc --quartus_project_dir "E:/learning/2022spring/ECE385/final_project/ece385final/ECE385" --jdi ../..//output_files/game.jdi --sopcinfo E:/learning/2022spring/ECE385/final_project/ece385final/ECE385/software/game_bsp/../../game_soc.sopcinfo
Info: (game.elf) 95 KBytes program size (code + initialized data).
Info:            65433 KBytes free for stack + heap.
Info: Creating game.objdump
nios2-elf-objdump --disassemble --syms --all-header --source game.elf >game.objdump
[game build complete]
20:41:23 **** Incremental Build of configuration Nios II for project game_bsp ****
make all 
[BSP build complete]
20:41:43 **** Incremental Build of configuration Nios II for project game ****
make all 
Info: Building ../game_bsp/
F:/intelFPGA_lite/18.1/nios2eds/bin/gnu/H-x86_64-mingw32/bin/make --no-print-directory -C ../game_bsp/
[BSP build complete]
[game build complete]
20:44:41 **** Incremental Build of configuration Nios II for project game ****
make all 
Info: Building ../game_bsp/
F:/intelFPGA_lite/18.1/nios2eds/bin/gnu/H-x86_64-mingw32/bin/make --no-print-directory -C ../game_bsp/
[BSP build complete]
[game build complete]
17:22:35 **** Incremental Build of configuration Nios II for project game ****
make all 
Info: Building ../game_bsp/
F:/intelFPGA_lite/18.1/nios2eds/bin/gnu/H-x86_64-mingw32/bin/make --no-print-directory -C ../game_bsp/
[BSP build complete]
[game build complete]
17:22:36 **** Incremental Build of configuration Nios II for project game_bsp ****
make all 
[BSP build complete]
17:23:07 **** Incremental Build of configuration Nios II for project game ****
make all 
Info: Building ../game_bsp/
F:/intelFPGA_lite/18.1/nios2eds/bin/gnu/H-x86_64-mingw32/bin/make --no-print-directory -C ../game_bsp/
[BSP build complete]
[game build complete]
17:56:39 **** Incremental Build of configuration Nios II for project game ****
make all 
Info: Building ../game_bsp/
F:/intelFPGA_lite/18.1/nios2eds/bin/gnu/H-x86_64-mingw32/bin/make --no-print-directory -C ../game_bsp/
[BSP build complete]
[game build complete]
21:34:29 **** Incremental Build of configuration Nios II for project game ****
make all 
Info: Building ../game_bsp/
F:/intelFPGA_lite/18.1/nios2eds/bin/gnu/H-x86_64-mingw32/bin/make --no-print-directory -C ../game_bsp/
[BSP build complete]
[game build complete]
21:55:29 **** Incremental Build of configuration Nios II for project game ****
make all 
Info: Building ../game_bsp/
F:/intelFPGA_lite/18.1/nios2eds/bin/gnu/H-x86_64-mingw32/bin/make --no-print-directory -C ../game_bsp/
[BSP build complete]
[game build complete]
00:46:22 **** Incremental Build of configuration Nios II for project game ****
make all 
Info: Building ../game_bsp/
F:/intelFPGA_lite/18.1/nios2eds/bin/gnu/H-x86_64-mingw32/bin/make --no-print-directory -C ../game_bsp/
[BSP build complete]
[game build complete]
01:02:59 **** Incremental Build of configuration Nios II for project game ****
make all 
Info: Building ../game_bsp/
F:/intelFPGA_lite/18.1/nios2eds/bin/gnu/H-x86_64-mingw32/bin/make --no-print-directory -C ../game_bsp/
[BSP build complete]
[game build complete]
11:51:28 **** Incremental Build of configuration Nios II for project game ****
make all 
Info: Building ../game_bsp/
F:/intelFPGA_lite/18.1/nios2eds/bin/gnu/H-x86_64-mingw32/bin/make --no-print-directory -C ../game_bsp/
[BSP build complete]
[game build complete]
12:01:36 **** Incremental Build of configuration Nios II for project game ****
make all 
Info: Building ../game_bsp/
F:/intelFPGA_lite/18.1/nios2eds/bin/gnu/H-x86_64-mingw32/bin/make --no-print-directory -C ../game_bsp/
[BSP build complete]
[game build complete]
12:28:04 **** Incremental Build of configuration Nios II for project game ****
make all 
Info: Building ../game_bsp/
F:/intelFPGA_lite/18.1/nios2eds/bin/gnu/H-x86_64-mingw32/bin/make --no-print-directory -C ../game_bsp/
[BSP build complete]
[game build complete]
12:38:55 **** Incremental Build of configuration Nios II for project game ****
make all 
Info: Building ../game_bsp/
F:/intelFPGA_lite/18.1/nios2eds/bin/gnu/H-x86_64-mingw32/bin/make --no-print-directory -C ../game_bsp/
[BSP build complete]
[game build complete]
12:46:49 **** Incremental Build of configuration Nios II for project game ****
make all 
Info: Building ../game_bsp/
F:/intelFPGA_lite/18.1/nios2eds/bin/gnu/H-x86_64-mingw32/bin/make --no-print-directory -C ../game_bsp/
[BSP build complete]
[game build complete]
14:22:36 **** Incremental Build of configuration Nios II for project game ****
make all 
Info: Building ../game_bsp/
F:/intelFPGA_lite/18.1/nios2eds/bin/gnu/H-x86_64-mingw32/bin/make --no-print-directory -C ../game_bsp/
[BSP build complete]
[game build complete]
14:36:44 **** Incremental Build of configuration Nios II for project game ****
make all 
Info: Building ../game_bsp/
F:/intelFPGA_lite/18.1/nios2eds/bin/gnu/H-x86_64-mingw32/bin/make --no-print-directory -C ../game_bsp/
[BSP build complete]
[game build complete]
14:48:42 **** Incremental Build of configuration Nios II for project game ****
make all 
Info: Building ../game_bsp/
F:/intelFPGA_lite/18.1/nios2eds/bin/gnu/H-x86_64-mingw32/bin/make --no-print-directory -C ../game_bsp/
[BSP build complete]
[game build complete]
18:32:13 **** Incremental Build of configuration Nios II for project game ****
make all 
Info: Building ../game_bsp/
F:/intelFPGA_lite/18.1/nios2eds/bin/gnu/H-x86_64-mingw32/bin/make --no-print-directory -C ../game_bsp/
[BSP build complete]
[game build complete]
18:32:38 **** Incremental Build of configuration Nios II for project game ****
make all 
Info: Building ../game_bsp/
F:/intelFPGA_lite/18.1/nios2eds/bin/gnu/H-x86_64-mingw32/bin/make --no-print-directory -C ../game_bsp/
[BSP build complete]
[game build complete]
18:32:39 **** Build of configuration Nios II for project game_bsp ****
make all 
[BSP build complete]
18:32:50 **** Incremental Build of configuration Nios II for project game ****
make all 
Info: Building ../game_bsp/
F:/intelFPGA_lite/18.1/nios2eds/bin/gnu/H-x86_64-mingw32/bin/make --no-print-directory -C ../game_bsp/
[BSP build complete]
[game build complete]
09:35:06 **** Incremental Build of configuration Nios II for project game ****
make all 
Info: Building ../game_bsp/
F:/intelFPGA_lite/18.1/nios2eds/bin/gnu/H-x86_64-mingw32/bin/make --no-print-directory -C ../game_bsp/
[BSP build complete]
[game build complete]
10:25:03 **** Incremental Build of configuration Nios II for project game ****
make all 
Info: Building ../game_bsp/
F:/intelFPGA_lite/18.1/nios2eds/bin/gnu/H-x86_64-mingw32/bin/make --no-print-directory -C ../game_bsp/
[BSP build complete]
[game build complete]
10:51:49 **** Incremental Build of configuration Nios II for project game ****
make all 
Info: Building ../game_bsp/
F:/intelFPGA_lite/18.1/nios2eds/bin/gnu/H-x86_64-mingw32/bin/make --no-print-directory -C ../game_bsp/
[BSP build complete]
[game build complete]
11:08:27 **** Incremental Build of configuration Nios II for project game ****
make all 
Info: Building ../game_bsp/
F:/intelFPGA_lite/18.1/nios2eds/bin/gnu/H-x86_64-mingw32/bin/make --no-print-directory -C ../game_bsp/
[BSP build complete]
[game build complete]
